TN:
SF:src/CronModule.ts
FN:17,(anonymous_1)
FN:23,(anonymous_2)
FN:27,(anonymous_3)
FNF:3
FNH:3
FNDA:1,(anonymous_1)
FNDA:1,(anonymous_2)
FNDA:1,(anonymous_3)
DA:1,1
DA:6,1
DA:8,1
DA:18,1
DA:19,1
DA:20,1
DA:24,1
DA:28,1
LF:8
LH:8
BRF:0
BRH:0
end_of_record
TN:
SF:src/index.ts
FNF:0
FNH:0
DA:1,1
DA:2,1
DA:4,1
DA:6,1
DA:7,1
LF:5
LH:5
BRF:0
BRH:0
end_of_record
TN:
SF:src/client/CronClient.ts
FN:13,(anonymous_0)
FN:19,(anonymous_1)
FN:23,(anonymous_2)
FN:33,(anonymous_3)
FN:37,(anonymous_4)
FNF:5
FNH:4
FNDA:2,(anonymous_0)
FNDA:1,(anonymous_1)
FNDA:1,(anonymous_2)
FNDA:1,(anonymous_3)
FNDA:0,(anonymous_4)
DA:1,1
DA:8,1
DA:10,1
DA:14,2
DA:15,2
DA:16,2
DA:20,1
DA:24,1
DA:25,1
DA:26,1
DA:29,0
DA:34,1
DA:38,0
LF:13
LH:11
BRDA:24,0,0,1
BRDA:24,0,1,0
BRF:2
BRH:1
end_of_record
TN:
SF:src/service/CronService.ts
FN:22,(anonymous_9)
FN:32,(anonymous_10)
FN:36,(anonymous_11)
FN:43,(anonymous_12)
FN:53,(anonymous_13)
FN:55,(anonymous_14)
FN:58,(anonymous_15)
FN:59,(anonymous_16)
FNF:8
FNH:5
FNDA:2,(anonymous_9)
FNDA:1,(anonymous_10)
FNDA:0,(anonymous_11)
FNDA:1,(anonymous_12)
FNDA:1,(anonymous_13)
FNDA:0,(anonymous_14)
FNDA:1,(anonymous_15)
FNDA:0,(anonymous_16)
DA:1,1
DA:3,1
DA:15,1
DA:26,2
DA:27,2
DA:28,2
DA:29,2
DA:33,1
DA:34,1
DA:37,0
DA:38,0
DA:44,1
DA:45,1
DA:46,1
DA:47,1
DA:48,1
DA:50,0
DA:54,1
DA:55,1
DA:59,1
DA:60,0
LF:21
LH:17
BRDA:24,0,0,2
BRDA:45,1,0,1
BRF:2
BRH:2
end_of_record
